[ 2017-05-11T00:22:54+08:00 ] 220.249.99.152 /Blogs/
INFO: [ app_init ] --START--
INFO: Run Behavior\BuildLiteBehavior [ RunTime:0.000063s ]
INFO: [ app_init ] --END-- [ RunTime:0.027895s ]
INFO: [ app_begin ] --START--
INFO: Run Behavior\ReadHtmlCacheBehavior [ RunTime:0.026804s ]
INFO: [ app_begin ] --END-- [ RunTime:0.027096s ]

[ 2017-05-11T00:22:55+08:00 ] 220.249.99.152 /Blogs/index.php/Home/Login/login.html
INFO: [ app_init ] --START--
INFO: Run Behavior\BuildLiteBehavior [ RunTime:0.000057s ]
INFO: [ app_init ] --END-- [ RunTime:0.001805s ]
INFO: [ app_begin ] --START--
INFO: Run Behavior\ReadHtmlCacheBehavior [ RunTime:0.001959s ]
INFO: [ app_begin ] --END-- [ RunTime:0.002239s ]
INFO: [ view_parse ] --START--
INFO: [ template_filter ] --START--
INFO: Run Behavior\ContentReplaceBehavior [ RunTime:0.000502s ]
INFO: [ template_filter ] --END-- [ RunTime:0.000826s ]
INFO: Run Behavior\ParseTemplateBehavior [ RunTime:0.189136s ]
INFO: [ view_parse ] --END-- [ RunTime:0.189445s ]
INFO: [ view_filter ] --START--
INFO: Run Behavior\WriteHtmlCacheBehavior [ RunTime:0.012431s ]
INFO: [ view_filter ] --END-- [ RunTime:0.012714s ]
INFO: [ app_end ] --START--
INFO: Run Behavior\ShowPageTraceBehavior [ RunTime:0.014454s ]
INFO: [ app_end ] --END-- [ RunTime:0.014758s ]

